mode: set
github.com/terraform-providers/terraform-provider-bitbucket/bitbucket/resource_default_reviewers.go:25.50,51.2 1 1
github.com/terraform-providers/terraform-provider-bitbucket/bitbucket/resource_default_reviewers.go:53.82,56.63 2 0
github.com/terraform-providers/terraform-provider-bitbucket/bitbucket/resource_default_reviewers.go:74.2,75.43 2 0
github.com/terraform-providers/terraform-provider-bitbucket/bitbucket/resource_default_reviewers.go:56.63,63.17 2 0
github.com/terraform-providers/terraform-provider-bitbucket/bitbucket/resource_default_reviewers.go:67.3,67.37 1 0
github.com/terraform-providers/terraform-provider-bitbucket/bitbucket/resource_default_reviewers.go:71.3,71.34 1 0
github.com/terraform-providers/terraform-provider-bitbucket/bitbucket/resource_default_reviewers.go:63.17,65.4 1 0
github.com/terraform-providers/terraform-provider-bitbucket/bitbucket/resource_default_reviewers.go:67.37,69.4 1 0
github.com/terraform-providers/terraform-provider-bitbucket/bitbucket/resource_default_reviewers.go:78.80,89.6 5 0
github.com/terraform-providers/terraform-provider-bitbucket/bitbucket/resource_default_reviewers.go:118.2,120.12 2 0
github.com/terraform-providers/terraform-provider-bitbucket/bitbucket/resource_default_reviewers.go:89.6,91.17 2 0
github.com/terraform-providers/terraform-provider-bitbucket/bitbucket/resource_default_reviewers.go:95.3,97.17 3 0
github.com/terraform-providers/terraform-provider-bitbucket/bitbucket/resource_default_reviewers.go:101.3,101.45 1 0
github.com/terraform-providers/terraform-provider-bitbucket/bitbucket/resource_default_reviewers.go:105.3,105.27 1 0
github.com/terraform-providers/terraform-provider-bitbucket/bitbucket/resource_default_reviewers.go:91.17,93.4 1 0
github.com/terraform-providers/terraform-provider-bitbucket/bitbucket/resource_default_reviewers.go:97.17,99.4 1 0
github.com/terraform-providers/terraform-provider-bitbucket/bitbucket/resource_default_reviewers.go:101.45,103.4 1 0
github.com/terraform-providers/terraform-provider-bitbucket/bitbucket/resource_default_reviewers.go:105.27,113.4 3 0
github.com/terraform-providers/terraform-provider-bitbucket/bitbucket/resource_default_reviewers.go:113.9,114.9 1 0
github.com/terraform-providers/terraform-provider-bitbucket/bitbucket/resource_default_reviewers.go:123.82,126.63 2 0
github.com/terraform-providers/terraform-provider-bitbucket/bitbucket/resource_default_reviewers.go:145.2,145.12 1 0
github.com/terraform-providers/terraform-provider-bitbucket/bitbucket/resource_default_reviewers.go:126.63,133.17 2 0
github.com/terraform-providers/terraform-provider-bitbucket/bitbucket/resource_default_reviewers.go:137.3,137.29 1 0
github.com/terraform-providers/terraform-provider-bitbucket/bitbucket/resource_default_reviewers.go:143.3,143.26 1 0
github.com/terraform-providers/terraform-provider-bitbucket/bitbucket/resource_default_reviewers.go:133.17,135.4 1 0
github.com/terraform-providers/terraform-provider-bitbucket/bitbucket/resource_default_reviewers.go:137.29,142.4 1 0
github.com/terraform-providers/terraform-provider-bitbucket/bitbucket/client.go:23.31,25.2 1 0
github.com/terraform-providers/terraform-provider-bitbucket/bitbucket/client.go:41.93,48.20 4 0
github.com/terraform-providers/terraform-provider-bitbucket/bitbucket/client.go:53.2,54.16 2 0
github.com/terraform-providers/terraform-provider-bitbucket/bitbucket/client.go:58.2,60.20 2 0
github.com/terraform-providers/terraform-provider-bitbucket/bitbucket/client.go:65.2,69.53 4 0
github.com/terraform-providers/terraform-provider-bitbucket/bitbucket/client.go:90.2,90.18 1 0
github.com/terraform-providers/terraform-provider-bitbucket/bitbucket/client.go:48.20,51.3 2 0
github.com/terraform-providers/terraform-provider-bitbucket/bitbucket/client.go:54.16,56.3 1 0
github.com/terraform-providers/terraform-provider-bitbucket/bitbucket/client.go:60.20,63.3 1 0
github.com/terraform-providers/terraform-provider-bitbucket/bitbucket/client.go:69.53,76.17 3 0
github.com/terraform-providers/terraform-provider-bitbucket/bitbucket/client.go:80.3,83.17 3 0
github.com/terraform-providers/terraform-provider-bitbucket/bitbucket/client.go:87.3,87.31 1 0
github.com/terraform-providers/terraform-provider-bitbucket/bitbucket/client.go:76.17,78.4 1 0
github.com/terraform-providers/terraform-provider-bitbucket/bitbucket/client.go:83.17,85.4 1 0
github.com/terraform-providers/terraform-provider-bitbucket/bitbucket/client.go:94.63,96.2 1 0
github.com/terraform-providers/terraform-provider-bitbucket/bitbucket/client.go:99.91,101.2 1 0
github.com/terraform-providers/terraform-provider-bitbucket/bitbucket/client.go:104.90,106.2 1 0
github.com/terraform-providers/terraform-provider-bitbucket/bitbucket/client.go:109.67,111.2 1 0
github.com/terraform-providers/terraform-provider-bitbucket/bitbucket/client.go:114.66,116.2 1 0
github.com/terraform-providers/terraform-provider-bitbucket/bitbucket/data_user.go:17.34,40.2 1 1
github.com/terraform-providers/terraform-provider-bitbucket/bitbucket/data_user.go:42.64,46.20 3 0
github.com/terraform-providers/terraform-provider-bitbucket/bitbucket/data_user.go:50.2,51.16 2 0
github.com/terraform-providers/terraform-provider-bitbucket/bitbucket/data_user.go:55.2,55.41 1 0
github.com/terraform-providers/terraform-provider-bitbucket/bitbucket/data_user.go:59.2,59.52 1 0
github.com/terraform-providers/terraform-provider-bitbucket/bitbucket/data_user.go:63.2,66.16 3 0
github.com/terraform-providers/terraform-provider-bitbucket/bitbucket/data_user.go:70.2,75.12 5 0
github.com/terraform-providers/terraform-provider-bitbucket/bitbucket/data_user.go:46.20,48.3 1 0
github.com/terraform-providers/terraform-provider-bitbucket/bitbucket/data_user.go:51.16,53.3 1 0
github.com/terraform-providers/terraform-provider-bitbucket/bitbucket/data_user.go:55.41,57.3 1 0
github.com/terraform-providers/terraform-provider-bitbucket/bitbucket/data_user.go:59.52,61.3 1 0
github.com/terraform-providers/terraform-provider-bitbucket/bitbucket/data_user.go:66.16,68.3 1 0
github.com/terraform-providers/terraform-provider-bitbucket/bitbucket/resource_hook.go:24.38,73.2 1 1
github.com/terraform-providers/terraform-provider-bitbucket/bitbucket/resource_hook.go:75.47,79.60 2 0
github.com/terraform-providers/terraform-provider-bitbucket/bitbucket/resource_hook.go:83.2,89.3 1 0
github.com/terraform-providers/terraform-provider-bitbucket/bitbucket/resource_hook.go:79.60,81.3 1 0
github.com/terraform-providers/terraform-provider-bitbucket/bitbucket/resource_hook.go:92.70,97.16 4 0
github.com/terraform-providers/terraform-provider-bitbucket/bitbucket/resource_hook.go:101.2,106.16 2 0
github.com/terraform-providers/terraform-provider-bitbucket/bitbucket/resource_hook.go:110.2,111.20 2 0
github.com/terraform-providers/terraform-provider-bitbucket/bitbucket/resource_hook.go:115.2,116.22 2 0
github.com/terraform-providers/terraform-provider-bitbucket/bitbucket/resource_hook.go:120.2,122.31 2 0
github.com/terraform-providers/terraform-provider-bitbucket/bitbucket/resource_hook.go:97.16,99.3 1 0
github.com/terraform-providers/terraform-provider-bitbucket/bitbucket/resource_hook.go:106.16,108.3 1 0
github.com/terraform-providers/terraform-provider-bitbucket/bitbucket/resource_hook.go:111.20,113.3 1 0
github.com/terraform-providers/terraform-provider-bitbucket/bitbucket/resource_hook.go:116.22,118.3 1 0
github.com/terraform-providers/terraform-provider-bitbucket/bitbucket/resource_hook.go:124.68,133.16 3 0
github.com/terraform-providers/terraform-provider-bitbucket/bitbucket/resource_hook.go:137.2,139.31 2 0
github.com/terraform-providers/terraform-provider-bitbucket/bitbucket/resource_hook.go:167.2,167.12 1 0
github.com/terraform-providers/terraform-provider-bitbucket/bitbucket/resource_hook.go:133.16,135.3 1 0
github.com/terraform-providers/terraform-provider-bitbucket/bitbucket/resource_hook.go:139.31,143.21 3 0
github.com/terraform-providers/terraform-provider-bitbucket/bitbucket/resource_hook.go:147.3,148.23 2 0
github.com/terraform-providers/terraform-provider-bitbucket/bitbucket/resource_hook.go:152.3,160.37 7 0
github.com/terraform-providers/terraform-provider-bitbucket/bitbucket/resource_hook.go:164.3,164.30 1 0
github.com/terraform-providers/terraform-provider-bitbucket/bitbucket/resource_hook.go:143.21,145.4 1 0
github.com/terraform-providers/terraform-provider-bitbucket/bitbucket/resource_hook.go:148.23,150.4 1 0
github.com/terraform-providers/terraform-provider-bitbucket/bitbucket/resource_hook.go:160.37,162.4 1 0
github.com/terraform-providers/terraform-provider-bitbucket/bitbucket/resource_hook.go:170.70,174.16 4 0
github.com/terraform-providers/terraform-provider-bitbucket/bitbucket/resource_hook.go:178.2,184.16 2 0
github.com/terraform-providers/terraform-provider-bitbucket/bitbucket/resource_hook.go:188.2,188.31 1 0
github.com/terraform-providers/terraform-provider-bitbucket/bitbucket/resource_hook.go:174.16,176.3 1 0
github.com/terraform-providers/terraform-provider-bitbucket/bitbucket/resource_hook.go:184.16,186.3 1 0
github.com/terraform-providers/terraform-provider-bitbucket/bitbucket/resource_hook.go:191.78,193.38 2 0
github.com/terraform-providers/terraform-provider-bitbucket/bitbucket/resource_hook.go:218.2,218.19 1 0
github.com/terraform-providers/terraform-provider-bitbucket/bitbucket/resource_hook.go:193.38,200.17 2 0
github.com/terraform-providers/terraform-provider-bitbucket/bitbucket/resource_hook.go:211.3,211.32 1 0
github.com/terraform-providers/terraform-provider-bitbucket/bitbucket/resource_hook.go:215.3,215.19 1 0
github.com/terraform-providers/terraform-provider-bitbucket/bitbucket/resource_hook.go:200.17,204.33 2 0
github.com/terraform-providers/terraform-provider-bitbucket/bitbucket/resource_hook.go:208.4,208.14 1 0
github.com/terraform-providers/terraform-provider-bitbucket/bitbucket/resource_hook.go:204.33,206.5 1 0
github.com/terraform-providers/terraform-provider-bitbucket/bitbucket/resource_hook.go:211.32,213.4 1 0
github.com/terraform-providers/terraform-provider-bitbucket/bitbucket/resource_hook.go:222.70,232.2 3 0
github.com/terraform-providers/terraform-provider-bitbucket/bitbucket/resource_project.go:23.41,54.2 1 1
github.com/terraform-providers/terraform-provider-bitbucket/bitbucket/resource_project.go:56.62,65.2 2 0
github.com/terraform-providers/terraform-provider-bitbucket/bitbucket/resource_project.go:67.73,79.22 9 0
github.com/terraform-providers/terraform-provider-bitbucket/bitbucket/resource_project.go:83.2,88.16 2 0
github.com/terraform-providers/terraform-provider-bitbucket/bitbucket/resource_project.go:92.2,92.34 1 0
github.com/terraform-providers/terraform-provider-bitbucket/bitbucket/resource_project.go:79.22,81.3 1 0
github.com/terraform-providers/terraform-provider-bitbucket/bitbucket/resource_project.go:88.16,90.3 1 0
github.com/terraform-providers/terraform-provider-bitbucket/bitbucket/resource_project.go:95.73,101.16 4 0
github.com/terraform-providers/terraform-provider-bitbucket/bitbucket/resource_project.go:105.2,107.22 3 0
github.com/terraform-providers/terraform-provider-bitbucket/bitbucket/resource_project.go:111.2,112.17 2 0
github.com/terraform-providers/terraform-provider-bitbucket/bitbucket/resource_project.go:116.2,120.16 2 0
github.com/terraform-providers/terraform-provider-bitbucket/bitbucket/resource_project.go:124.2,126.34 2 0
github.com/terraform-providers/terraform-provider-bitbucket/bitbucket/resource_project.go:101.16,103.3 1 0
github.com/terraform-providers/terraform-provider-bitbucket/bitbucket/resource_project.go:107.22,109.3 1 0
github.com/terraform-providers/terraform-provider-bitbucket/bitbucket/resource_project.go:112.17,114.3 1 0
github.com/terraform-providers/terraform-provider-bitbucket/bitbucket/resource_project.go:120.16,122.3 1 0
github.com/terraform-providers/terraform-provider-bitbucket/bitbucket/resource_project.go:129.71,131.14 2 0
github.com/terraform-providers/terraform-provider-bitbucket/bitbucket/resource_project.go:141.2,143.22 3 0
github.com/terraform-providers/terraform-provider-bitbucket/bitbucket/resource_project.go:147.2,153.34 3 0
github.com/terraform-providers/terraform-provider-bitbucket/bitbucket/resource_project.go:173.2,173.12 1 0
github.com/terraform-providers/terraform-provider-bitbucket/bitbucket/resource_project.go:131.14,133.24 2 0
github.com/terraform-providers/terraform-provider-bitbucket/bitbucket/resource_project.go:133.24,136.4 2 0
github.com/terraform-providers/terraform-provider-bitbucket/bitbucket/resource_project.go:136.9,138.4 1 0
github.com/terraform-providers/terraform-provider-bitbucket/bitbucket/resource_project.go:143.22,145.3 1 0
github.com/terraform-providers/terraform-provider-bitbucket/bitbucket/resource_project.go:153.34,158.21 3 0
github.com/terraform-providers/terraform-provider-bitbucket/bitbucket/resource_project.go:162.3,163.23 2 0
github.com/terraform-providers/terraform-provider-bitbucket/bitbucket/resource_project.go:167.3,170.44 4 0
github.com/terraform-providers/terraform-provider-bitbucket/bitbucket/resource_project.go:158.21,160.4 1 0
github.com/terraform-providers/terraform-provider-bitbucket/bitbucket/resource_project.go:163.23,165.4 1 0
github.com/terraform-providers/terraform-provider-bitbucket/bitbucket/resource_project.go:176.73,180.22 3 0
github.com/terraform-providers/terraform-provider-bitbucket/bitbucket/resource_project.go:184.2,190.12 3 0
github.com/terraform-providers/terraform-provider-bitbucket/bitbucket/resource_project.go:180.22,182.3 1 0
github.com/terraform-providers/terraform-provider-bitbucket/bitbucket/resource_repository.go:46.44,126.2 1 1
github.com/terraform-providers/terraform-provider-bitbucket/bitbucket/resource_repository.go:128.68,144.2 3 0
github.com/terraform-providers/terraform-provider-bitbucket/bitbucket/resource_repository.go:146.76,158.20 9 0
github.com/terraform-providers/terraform-provider-bitbucket/bitbucket/resource_repository.go:162.2,167.16 2 0
github.com/terraform-providers/terraform-provider-bitbucket/bitbucket/resource_repository.go:171.2,177.16 5 0
github.com/terraform-providers/terraform-provider-bitbucket/bitbucket/resource_repository.go:181.2,185.16 2 0
github.com/terraform-providers/terraform-provider-bitbucket/bitbucket/resource_repository.go:188.2,188.37 1 0
github.com/terraform-providers/terraform-provider-bitbucket/bitbucket/resource_repository.go:158.20,160.3 1 0
github.com/terraform-providers/terraform-provider-bitbucket/bitbucket/resource_repository.go:167.16,169.3 1 0
github.com/terraform-providers/terraform-provider-bitbucket/bitbucket/resource_repository.go:177.16,179.3 1 0
github.com/terraform-providers/terraform-provider-bitbucket/bitbucket/resource_repository.go:185.16,187.3 1 0
github.com/terraform-providers/terraform-provider-bitbucket/bitbucket/resource_repository.go:191.76,197.16 4 0
github.com/terraform-providers/terraform-provider-bitbucket/bitbucket/resource_repository.go:201.2,203.20 3 0
github.com/terraform-providers/terraform-provider-bitbucket/bitbucket/resource_repository.go:207.2,212.16 2 0
github.com/terraform-providers/terraform-provider-bitbucket/bitbucket/resource_repository.go:215.2,223.16 6 0
github.com/terraform-providers/terraform-provider-bitbucket/bitbucket/resource_repository.go:227.2,231.16 2 0
github.com/terraform-providers/terraform-provider-bitbucket/bitbucket/resource_repository.go:235.2,235.37 1 0
github.com/terraform-providers/terraform-provider-bitbucket/bitbucket/resource_repository.go:197.16,199.3 1 0
github.com/terraform-providers/terraform-provider-bitbucket/bitbucket/resource_repository.go:203.20,205.3 1 0
github.com/terraform-providers/terraform-provider-bitbucket/bitbucket/resource_repository.go:212.16,214.3 1 0
github.com/terraform-providers/terraform-provider-bitbucket/bitbucket/resource_repository.go:223.16,225.3 1 0
github.com/terraform-providers/terraform-provider-bitbucket/bitbucket/resource_repository.go:231.16,233.3 1 0
github.com/terraform-providers/terraform-provider-bitbucket/bitbucket/resource_repository.go:237.74,239.14 2 0
github.com/terraform-providers/terraform-provider-bitbucket/bitbucket/resource_repository.go:249.2,251.20 3 0
github.com/terraform-providers/terraform-provider-bitbucket/bitbucket/resource_repository.go:255.2,261.31 3 0
github.com/terraform-providers/terraform-provider-bitbucket/bitbucket/resource_repository.go:322.2,322.12 1 0
github.com/terraform-providers/terraform-provider-bitbucket/bitbucket/resource_repository.go:239.14,241.24 2 0
github.com/terraform-providers/terraform-provider-bitbucket/bitbucket/resource_repository.go:241.24,244.4 2 0
github.com/terraform-providers/terraform-provider-bitbucket/bitbucket/resource_repository.go:244.9,246.4 1 0
github.com/terraform-providers/terraform-provider-bitbucket/bitbucket/resource_repository.go:251.20,253.3 1 0
github.com/terraform-providers/terraform-provider-bitbucket/bitbucket/resource_repository.go:261.31,266.21 3 0
github.com/terraform-providers/terraform-provider-bitbucket/bitbucket/resource_repository.go:270.3,271.23 2 0
github.com/terraform-providers/terraform-provider-bitbucket/bitbucket/resource_repository.go:275.3,280.48 6 0
github.com/terraform-providers/terraform-provider-bitbucket/bitbucket/resource_repository.go:283.3,289.45 6 0
github.com/terraform-providers/terraform-provider-bitbucket/bitbucket/resource_repository.go:296.3,300.17 2 0
github.com/terraform-providers/terraform-provider-bitbucket/bitbucket/resource_repository.go:304.3,304.43 1 0
github.com/terraform-providers/terraform-provider-bitbucket/bitbucket/resource_repository.go:266.21,268.4 1 0
github.com/terraform-providers/terraform-provider-bitbucket/bitbucket/resource_repository.go:271.23,273.4 1 0
github.com/terraform-providers/terraform-provider-bitbucket/bitbucket/resource_repository.go:280.48,282.4 1 0
github.com/terraform-providers/terraform-provider-bitbucket/bitbucket/resource_repository.go:289.45,290.32 1 0
github.com/terraform-providers/terraform-provider-bitbucket/bitbucket/resource_repository.go:290.32,292.5 1 0
github.com/terraform-providers/terraform-provider-bitbucket/bitbucket/resource_repository.go:292.10,294.5 1 0
github.com/terraform-providers/terraform-provider-bitbucket/bitbucket/resource_repository.go:300.17,302.4 1 0
github.com/terraform-providers/terraform-provider-bitbucket/bitbucket/resource_repository.go:304.43,308.22 3 0
github.com/terraform-providers/terraform-provider-bitbucket/bitbucket/resource_repository.go:312.4,313.24 2 0
github.com/terraform-providers/terraform-provider-bitbucket/bitbucket/resource_repository.go:317.4,317.55 1 0
github.com/terraform-providers/terraform-provider-bitbucket/bitbucket/resource_repository.go:308.22,310.5 1 0
github.com/terraform-providers/terraform-provider-bitbucket/bitbucket/resource_repository.go:313.24,315.5 1 0
github.com/terraform-providers/terraform-provider-bitbucket/bitbucket/resource_repository.go:325.76,329.20 3 0
github.com/terraform-providers/terraform-provider-bitbucket/bitbucket/resource_repository.go:333.2,339.12 3 0
github.com/terraform-providers/terraform-provider-bitbucket/bitbucket/resource_repository.go:329.20,331.3 1 0
github.com/terraform-providers/terraform-provider-bitbucket/bitbucket/resource_repository_variable.go:22.52,53.2 1 1
github.com/terraform-providers/terraform-provider-bitbucket/bitbucket/resource_repository_variable.go:55.84,62.2 2 0
github.com/terraform-providers/terraform-provider-bitbucket/bitbucket/resource_repository_variable.go:64.84,70.16 4 0
github.com/terraform-providers/terraform-provider-bitbucket/bitbucket/resource_repository_variable.go:73.2,77.16 2 0
github.com/terraform-providers/terraform-provider-bitbucket/bitbucket/resource_repository_variable.go:81.2,84.20 3 0
github.com/terraform-providers/terraform-provider-bitbucket/bitbucket/resource_repository_variable.go:88.2,89.22 2 0
github.com/terraform-providers/terraform-provider-bitbucket/bitbucket/resource_repository_variable.go:92.2,95.45 3 0
github.com/terraform-providers/terraform-provider-bitbucket/bitbucket/resource_repository_variable.go:70.16,72.3 1 0
github.com/terraform-providers/terraform-provider-bitbucket/bitbucket/resource_repository_variable.go:77.16,79.3 1 0
github.com/terraform-providers/terraform-provider-bitbucket/bitbucket/resource_repository_variable.go:84.20,86.3 1 0
github.com/terraform-providers/terraform-provider-bitbucket/bitbucket/resource_repository_variable.go:89.22,91.3 1 0
github.com/terraform-providers/terraform-provider-bitbucket/bitbucket/resource_repository_variable.go:98.82,108.29 4 0
github.com/terraform-providers/terraform-provider-bitbucket/bitbucket/resource_repository_variable.go:126.2,126.29 1 0
github.com/terraform-providers/terraform-provider-bitbucket/bitbucket/resource_repository_variable.go:131.2,131.12 1 0
github.com/terraform-providers/terraform-provider-bitbucket/bitbucket/resource_repository_variable.go:108.29,111.21 3 0
github.com/terraform-providers/terraform-provider-bitbucket/bitbucket/resource_repository_variable.go:115.3,116.23 2 0
github.com/terraform-providers/terraform-provider-bitbucket/bitbucket/resource_repository_variable.go:120.3,123.31 4 0
github.com/terraform-providers/terraform-provider-bitbucket/bitbucket/resource_repository_variable.go:111.21,113.4 1 0
github.com/terraform-providers/terraform-provider-bitbucket/bitbucket/resource_repository_variable.go:116.23,118.4 1 0
github.com/terraform-providers/terraform-provider-bitbucket/bitbucket/resource_repository_variable.go:126.29,129.3 2 0
github.com/terraform-providers/terraform-provider-bitbucket/bitbucket/resource_repository_variable.go:134.84,139.16 4 0
github.com/terraform-providers/terraform-provider-bitbucket/bitbucket/resource_repository_variable.go:142.2,147.16 2 0
github.com/terraform-providers/terraform-provider-bitbucket/bitbucket/resource_repository_variable.go:151.2,151.27 1 0
github.com/terraform-providers/terraform-provider-bitbucket/bitbucket/resource_repository_variable.go:155.2,155.45 1 0
github.com/terraform-providers/terraform-provider-bitbucket/bitbucket/resource_repository_variable.go:139.16,141.3 1 0
github.com/terraform-providers/terraform-provider-bitbucket/bitbucket/resource_repository_variable.go:147.16,149.3 1 0
github.com/terraform-providers/terraform-provider-bitbucket/bitbucket/resource_repository_variable.go:151.27,153.3 1 0
github.com/terraform-providers/terraform-provider-bitbucket/bitbucket/resource_repository_variable.go:158.84,165.2 3 0
github.com/terraform-providers/terraform-provider-bitbucket/bitbucket/provider.go:13.44,15.12 2 1
github.com/terraform-providers/terraform-provider-bitbucket/bitbucket/provider.go:21.2,21.11 1 1
github.com/terraform-providers/terraform-provider-bitbucket/bitbucket/provider.go:25.2,50.3 1 1
github.com/terraform-providers/terraform-provider-bitbucket/bitbucket/provider.go:15.12,17.3 1 0
github.com/terraform-providers/terraform-provider-bitbucket/bitbucket/provider.go:17.8,19.3 1 1
github.com/terraform-providers/terraform-provider-bitbucket/bitbucket/provider.go:21.12,23.3 0 0
github.com/terraform-providers/terraform-provider-bitbucket/bitbucket/provider.go:53.69,61.2 2 0
github.com/terraform-providers/terraform-provider-bitbucket/bitbucket/provider.go:63.23,65.2 1 1
github.com/terraform-providers/terraform-provider-bitbucket/bitbucket/resource_branch_restriction.go:35.51,104.2 1 1
github.com/terraform-providers/terraform-provider-bitbucket/bitbucket/resource_branch_restriction.go:106.73,110.59 2 0
github.com/terraform-providers/terraform-provider-bitbucket/bitbucket/resource_branch_restriction.go:114.2,116.60 2 0
github.com/terraform-providers/terraform-provider-bitbucket/bitbucket/resource_branch_restriction.go:121.2,127.3 1 0
github.com/terraform-providers/terraform-provider-bitbucket/bitbucket/resource_branch_restriction.go:110.59,112.3 1 0
github.com/terraform-providers/terraform-provider-bitbucket/bitbucket/resource_branch_restriction.go:116.60,119.3 2 0
github.com/terraform-providers/terraform-provider-bitbucket/bitbucket/resource_branch_restriction.go:130.84,136.16 4 0
github.com/terraform-providers/terraform-provider-bitbucket/bitbucket/resource_branch_restriction.go:140.2,145.16 2 0
github.com/terraform-providers/terraform-provider-bitbucket/bitbucket/resource_branch_restriction.go:149.2,150.20 2 0
github.com/terraform-providers/terraform-provider-bitbucket/bitbucket/resource_branch_restriction.go:154.2,155.22 2 0
github.com/terraform-providers/terraform-provider-bitbucket/bitbucket/resource_branch_restriction.go:159.2,161.45 2 0
github.com/terraform-providers/terraform-provider-bitbucket/bitbucket/resource_branch_restriction.go:136.16,138.3 1 0
github.com/terraform-providers/terraform-provider-bitbucket/bitbucket/resource_branch_restriction.go:145.16,147.3 1 0
github.com/terraform-providers/terraform-provider-bitbucket/bitbucket/resource_branch_restriction.go:150.20,152.3 1 0
github.com/terraform-providers/terraform-provider-bitbucket/bitbucket/resource_branch_restriction.go:155.22,157.3 1 0
github.com/terraform-providers/terraform-provider-bitbucket/bitbucket/resource_branch_restriction.go:164.82,175.45 4 0
github.com/terraform-providers/terraform-provider-bitbucket/bitbucket/resource_branch_restriction.go:195.2,195.12 1 0
github.com/terraform-providers/terraform-provider-bitbucket/bitbucket/resource_branch_restriction.go:175.45,178.21 3 0
github.com/terraform-providers/terraform-provider-bitbucket/bitbucket/resource_branch_restriction.go:182.3,183.23 2 0
github.com/terraform-providers/terraform-provider-bitbucket/bitbucket/resource_branch_restriction.go:187.3,192.44 6 0
github.com/terraform-providers/terraform-provider-bitbucket/bitbucket/resource_branch_restriction.go:178.21,180.4 1 0
github.com/terraform-providers/terraform-provider-bitbucket/bitbucket/resource_branch_restriction.go:183.23,185.4 1 0
github.com/terraform-providers/terraform-provider-bitbucket/bitbucket/resource_branch_restriction.go:198.84,202.16 4 0
github.com/terraform-providers/terraform-provider-bitbucket/bitbucket/resource_branch_restriction.go:206.2,212.16 2 0
github.com/terraform-providers/terraform-provider-bitbucket/bitbucket/resource_branch_restriction.go:216.2,216.45 1 0
github.com/terraform-providers/terraform-provider-bitbucket/bitbucket/resource_branch_restriction.go:202.16,204.3 1 0
github.com/terraform-providers/terraform-provider-bitbucket/bitbucket/resource_branch_restriction.go:212.16,214.3 1 0
github.com/terraform-providers/terraform-provider-bitbucket/bitbucket/resource_branch_restriction.go:219.84,228.2 3 0
github.com/terraform-providers/terraform-provider-bitbucket/bitbucket/resource_branch_restriction.go:230.92,233.26 2 0
github.com/terraform-providers/terraform-provider-bitbucket/bitbucket/resource_branch_restriction.go:250.2,250.19 1 0
github.com/terraform-providers/terraform-provider-bitbucket/bitbucket/resource_branch_restriction.go:233.26,239.17 2 0
github.com/terraform-providers/terraform-provider-bitbucket/bitbucket/resource_branch_restriction.go:243.3,243.46 1 0
github.com/terraform-providers/terraform-provider-bitbucket/bitbucket/resource_branch_restriction.go:247.3,247.19 1 0
github.com/terraform-providers/terraform-provider-bitbucket/bitbucket/resource_branch_restriction.go:239.17,240.14 1 0
github.com/terraform-providers/terraform-provider-bitbucket/bitbucket/resource_branch_restriction.go:243.46,245.4 1 0
